<?xml version="1.0" encoding="UTF-8"?>
<robot generator="Robot 5.0.1 (Python 3.10.4 on linux)" generated="20220706 21:19:49.813" rpa="false" schemaversion="3">
<suite id="s1" name="Selenium" source="/home/thiago/ctd/testing-i/aula21/selenium.robot">
<test id="s1-t1" name="Processo de compra na loja SwagLabs" line="7">
<kw name="Acessar o site" library="selenium">
<kw name="Open Browser" library="SeleniumLibrary">
<arg>${SITE}</arg>
<arg>${BROWSER}</arg>
<doc>Opens a new browser instance to the optional ``url``.</doc>
<msg timestamp="20220706 21:19:50.444" level="INFO">Opening browser 'Firefox' to base url 'https://www.saucedemo.com/'.</msg>
<msg timestamp="20220706 21:19:50.450" level="INFO">Firefox driver log is always forced to to: /home/thiago/ctd/testing-i/aula21/log/geckodriver-2.log</msg>
<msg timestamp="20220706 21:22:01.501" level="INFO">Cannot capture screenshot because no browser is open.</msg>
<msg timestamp="20220706 21:22:01.514" level="FAIL">TimeoutException: Message: Connection refused (os error 111)
</msg>
<status status="FAIL" starttime="20220706 21:19:50.443" endtime="20220706 21:22:01.525"/>
</kw>
<kw name="Maximize Browser Window" library="SeleniumLibrary">
<doc>Maximizes current browser window.</doc>
<status status="NOT RUN" starttime="20220706 21:22:01.536" endtime="20220706 21:22:01.536"/>
</kw>
<kw name="Set Selenium Speed" library="SeleniumLibrary">
<arg>0.5</arg>
<doc>Sets the delay that is waited after each Selenium command.</doc>
<status status="NOT RUN" starttime="20220706 21:22:01.537" endtime="20220706 21:22:01.537"/>
</kw>
<status status="FAIL" starttime="20220706 21:19:50.442" endtime="20220706 21:22:01.544"/>
</kw>
<kw name="Fazer login" library="selenium">
<status status="NOT RUN" starttime="20220706 21:22:01.546" endtime="20220706 21:22:01.546"/>
</kw>
<kw name="Adicionar um produto ao carrinho" library="selenium">
<status status="NOT RUN" starttime="20220706 21:22:01.547" endtime="20220706 21:22:01.547"/>
</kw>
<kw name="Acessar carrinho" library="selenium">
<status status="NOT RUN" starttime="20220706 21:22:01.548" endtime="20220706 21:22:01.549"/>
</kw>
<kw name="Checkout" library="selenium">
<status status="NOT RUN" starttime="20220706 21:22:01.557" endtime="20220706 21:22:01.558"/>
</kw>
<kw name="Preencher dados de entrega" library="selenium">
<status status="NOT RUN" starttime="20220706 21:22:01.558" endtime="20220706 21:22:01.559"/>
</kw>
<kw name="Close Browser" library="SeleniumLibrary" type="TEARDOWN">
<doc>Closes the current browser.</doc>
<status status="PASS" starttime="20220706 21:22:01.560" endtime="20220706 21:22:01.561"/>
</kw>
<status status="FAIL" starttime="20220706 21:19:50.440" endtime="20220706 21:22:01.562">TimeoutException: Message: Connection refused (os error 111)
</status>
</test>
<status status="FAIL" starttime="20220706 21:19:49.817" endtime="20220706 21:22:01.564"/>
</suite>
<statistics>
<total>
<stat pass="0" fail="1" skip="0">All Tests</stat>
</total>
<tag>
</tag>
<suite>
<stat pass="0" fail="1" skip="0" id="s1" name="Selenium">Selenium</stat>
</suite>
</statistics>
<errors>
</errors>
</robot>
