<?xml version="1.0" encoding="UTF-8"?>
<robot generator="Robot 5.0.1 (Python 3.10.5 on win32)" generated="20220706 22:43:32.543" rpa="false" schemaversion="3">
<suite id="s1" name="Bugbank" source="C:\Users\Thiago Silva\ctd\testing-i\aula22\mesa\bugbank.robot">
<test id="s1-t1" name="Teste BugBank" line="7">
<kw name="Acessar o site" library="bugbank">
<kw name="Open Browser" library="SeleniumLibrary">
<arg>${SITE}</arg>
<arg>${BROWSER}</arg>
<doc>Opens a new browser instance to the optional ``url``.</doc>
<msg timestamp="20220706 22:43:32.890" level="INFO">Opening browser 'Firefox' to base url 'https://bugbank.netlify.app/'.</msg>
<msg timestamp="20220706 22:43:32.891" level="INFO">Firefox driver log is always forced to to: C:\Users\Thiago Silva\ctd\testing-i\aula22\mesa\log\geckodriver-1.log</msg>
<status status="PASS" starttime="20220706 22:43:32.890" endtime="20220706 22:43:42.398"/>
</kw>
<kw name="Maximize Browser Window" library="SeleniumLibrary">
<doc>Maximizes current browser window.</doc>
<status status="PASS" starttime="20220706 22:43:42.398" endtime="20220706 22:43:42.658"/>
</kw>
<kw name="Set Selenium Speed" library="SeleniumLibrary">
<arg>0.5</arg>
<doc>Sets the delay that is waited after each Selenium command.</doc>
<status status="PASS" starttime="20220706 22:43:42.659" endtime="20220706 22:43:42.659"/>
</kw>
<status status="PASS" starttime="20220706 22:43:32.889" endtime="20220706 22:43:42.660"/>
</kw>
<kw name="Criar conta" library="bugbank">
<kw name="Click Element" library="SeleniumLibrary">
<arg>${REGISTER_BUTTON}</arg>
<doc>Click the element identified by ``locator``.</doc>
<msg timestamp="20220706 22:43:42.663" level="INFO">Clicking element 'css=button.style__ContainerButton-sc-1wsixal-0:nth-child(2)'.</msg>
<status status="PASS" starttime="20220706 22:43:42.663" endtime="20220706 22:43:43.963"/>
</kw>
<kw name="Wait and Input Text" library="util">
<arg>${REGISTER_EMAIL_FIELD}</arg>
<arg>${USER_EMAIL}</arg>
<kw name="Wait Until Element Is Visible" library="SeleniumLibrary">
<arg>${ELEMENT}</arg>
<doc>Waits until the element ``locator`` is visible.</doc>
<msg timestamp="20220706 22:43:49.670" level="INFO" html="true">&lt;/td&gt;&lt;/tr&gt;&lt;tr&gt;&lt;td colspan="3"&gt;&lt;a href="selenium-screenshot-1.png"&gt;&lt;img src="selenium-screenshot-1.png" width="800px"&gt;&lt;/a&gt;</msg>
<msg timestamp="20220706 22:43:49.681" level="FAIL">Element 'css=div.kOeYBn:nth-child(1) &gt; input:nth-child(2)' not visible after 5 seconds.</msg>
<status status="FAIL" starttime="20220706 22:43:43.964" endtime="20220706 22:43:49.702"/>
</kw>
<kw name="Input Text" library="SeleniumLibrary">
<arg>${ELEMENT}</arg>
<arg>${TEXT}</arg>
<doc>Types the given ``text`` into the text field identified by ``locator``.</doc>
<status status="NOT RUN" starttime="20220706 22:43:49.702" endtime="20220706 22:43:49.702"/>
</kw>
<status status="FAIL" starttime="20220706 22:43:43.963" endtime="20220706 22:43:49.703"/>
</kw>
<kw name="Wait and Input Text" library="util">
<arg>${REGISTER_NAME_FIELD}</arg>
<arg>${USER_NAME}</arg>
<status status="NOT RUN" starttime="20220706 22:43:49.704" endtime="20220706 22:43:49.704"/>
</kw>
<kw name="Wait and Input Text" library="util">
<arg>${REGISTER_PASSWORD_FIELD}</arg>
<arg>${USER_PASSWORD}</arg>
<status status="NOT RUN" starttime="20220706 22:43:49.704" endtime="20220706 22:43:49.704"/>
</kw>
<kw name="Wait and Input Text" library="util">
<arg>${REGISTER_CONFIRM_PASSWORD_FIELD}</arg>
<arg>${USER_PASSWORD}</arg>
<status status="NOT RUN" starttime="20220706 22:43:49.705" endtime="20220706 22:43:49.705"/>
</kw>
<kw name="Wait and Click" library="util">
<arg>${REGISTER_CREATE_ACCOUNT_WITH_BALANCE_SLIDER}</arg>
<status status="NOT RUN" starttime="20220706 22:43:49.705" endtime="20220706 22:43:49.705"/>
</kw>
<kw name="Wait and Click" library="util">
<arg>${REGISTER_SUBMIT_BUTTON}</arg>
<status status="NOT RUN" starttime="20220706 22:43:49.705" endtime="20220706 22:43:49.705"/>
</kw>
<status status="FAIL" starttime="20220706 22:43:42.662" endtime="20220706 22:43:49.707"/>
</kw>
<status status="FAIL" starttime="20220706 22:43:32.889" endtime="20220706 22:43:49.718">Element 'css=div.kOeYBn:nth-child(1) &gt; input:nth-child(2)' not visible after 5 seconds.</status>
</test>
<status status="FAIL" starttime="20220706 22:43:32.546" endtime="20220706 22:43:49.722"/>
</suite>
<statistics>
<total>
<stat pass="0" fail="1" skip="0">All Tests</stat>
</total>
<tag>
</tag>
<suite>
<stat pass="0" fail="1" skip="0" id="s1" name="Bugbank">Bugbank</stat>
</suite>
</statistics>
<errors>
</errors>
</robot>
