<?xml version="1.0" encoding="UTF-8"?>
<robot generator="Robot 5.0.1 (Python 3.10.5 on win32)" generated="20220706 22:43:09.792" rpa="false" schemaversion="3">
<suite id="s1" name="Bugbank" source="C:\Users\Thiago Silva\ctd\testing-i\aula22\bugbank.robot">
<test id="s1-t1" name="Teste BugBank" line="7">
<kw name="Acessar o site" library="bugbank">
<kw name="Open Browser" library="SeleniumLibrary">
<arg>${SITE}</arg>
<arg>${BROWSER}</arg>
<doc>Opens a new browser instance to the optional ``url``.</doc>
<msg timestamp="20220706 22:43:10.108" level="INFO">Opening browser 'Firefox' to base url 'https://bugbank.netlify.app/'.</msg>
<msg timestamp="20220706 22:43:10.109" level="INFO">Firefox driver log is always forced to to: C:\Users\Thiago Silva\ctd\testing-i\aula22\log\geckodriver-3.log</msg>
<status status="PASS" starttime="20220706 22:43:10.107" endtime="20220706 22:43:19.126"/>
</kw>
<kw name="Maximize Browser Window" library="SeleniumLibrary">
<doc>Maximizes current browser window.</doc>
<status status="PASS" starttime="20220706 22:43:19.126" endtime="20220706 22:43:19.396"/>
</kw>
<kw name="Set Selenium Speed" library="SeleniumLibrary">
<arg>0.5</arg>
<doc>Sets the delay that is waited after each Selenium command.</doc>
<status status="PASS" starttime="20220706 22:43:19.396" endtime="20220706 22:43:19.397"/>
</kw>
<status status="PASS" starttime="20220706 22:43:10.107" endtime="20220706 22:43:19.398"/>
</kw>
<kw name="Criar conta" library="bugbank">
<kw name="Click Element" library="SeleniumLibrary">
<arg>${REGISTER_BUTTON}</arg>
<doc>Click the element identified by ``locator``.</doc>
<msg timestamp="20220706 22:43:19.401" level="INFO">Clicking element 'css=button.style__ContainerButton-sc-1wsixal-0:nth-child(2)'.</msg>
<status status="PASS" starttime="20220706 22:43:19.400" endtime="20220706 22:43:20.834"/>
</kw>
<kw name="Wait and Input Text">
<arg>${REGISTER_EMAIL_FIELD}</arg>
<arg>${USER_EMAIL}</arg>
<msg timestamp="20220706 22:43:20.841" level="FAIL">No keyword with name 'Wait and Input Text' found.</msg>
<status status="FAIL" starttime="20220706 22:43:20.841" endtime="20220706 22:43:20.842"/>
</kw>
<kw name="Wait and Input Text">
<arg>${REGISTER_NAME_FIELD}</arg>
<arg>${USER_NAME}</arg>
<status status="NOT RUN" starttime="20220706 22:43:20.851" endtime="20220706 22:43:20.851"/>
</kw>
<kw name="Wait and Input Text">
<arg>${REGISTER_PASSWORD_FIELD}</arg>
<arg>${USER_PASSWORD}</arg>
<status status="NOT RUN" starttime="20220706 22:43:20.856" endtime="20220706 22:43:20.856"/>
</kw>
<kw name="Wait and Input Text">
<arg>${REGISTER_CONFIRM_PASSWORD_FIELD}</arg>
<arg>${USER_PASSWORD}</arg>
<status status="NOT RUN" starttime="20220706 22:43:20.862" endtime="20220706 22:43:20.862"/>
</kw>
<kw name="Wait and Click">
<arg>${REGISTER_CREATE_ACCOUNT_WITH_BALANCE_SLIDER}</arg>
<status status="NOT RUN" starttime="20220706 22:43:20.869" endtime="20220706 22:43:20.869"/>
</kw>
<kw name="Wait and Click">
<arg>${REGISTER_SUBMIT_BUTTON}</arg>
<status status="NOT RUN" starttime="20220706 22:43:20.873" endtime="20220706 22:43:20.873"/>
</kw>
<status status="FAIL" starttime="20220706 22:43:19.398" endtime="20220706 22:43:20.874"/>
</kw>
<status status="FAIL" starttime="20220706 22:43:10.106" endtime="20220706 22:43:20.878">No keyword with name 'Wait and Input Text' found.</status>
</test>
<status status="FAIL" starttime="20220706 22:43:09.796" endtime="20220706 22:43:20.901"/>
</suite>
<statistics>
<total>
<stat pass="0" fail="1" skip="0">All Tests</stat>
</total>
<tag>
</tag>
<suite>
<stat pass="0" fail="1" skip="0" id="s1" name="Bugbank">Bugbank</stat>
</suite>
</statistics>
<errors>
<msg timestamp="20220706 22:43:10.104" level="ERROR">Error in file 'C:\Users\Thiago Silva\ctd\testing-i\aula22\bugbank.resource' on line 2: Resource file 'util.resource' does not exist.</msg>
</errors>
</robot>
