<?xml version="1.0" encoding="UTF-8"?>
<robot generator="Robot 5.0.1 (Python 3.10.5 on win32)" generated="20220712 22:59:32.611" rpa="false" schemaversion="3">
<suite id="s1" name="Hurb" source="C:\Users\Thiago Silva\ctd\testing-i\avaliacao\hurb.robot">
<test id="s1-t1" name="Processo de reserva de pacote de viagens para Tóquio" line="8">
<kw name="Acessar o site" library="hurb" type="SETUP">
<kw name="Open Browser" library="SeleniumLibrary">
<arg>${SITE}</arg>
<arg>${BROWSER}</arg>
<doc>Opens a new browser instance to the optional ``url``.</doc>
<msg timestamp="20220712 22:59:32.921" level="INFO">Opening browser 'Firefox' to base url 'https://hurb.com/br'.</msg>
<msg timestamp="20220712 22:59:32.924" level="INFO">Firefox driver log is always forced to to: C:\Users\Thiago Silva\ctd\testing-i\avaliacao\log\geckodriver-28.log</msg>
<status status="PASS" starttime="20220712 22:59:32.921" endtime="20220712 22:59:42.254"/>
</kw>
<kw name="Set Selenium Speed" library="SeleniumLibrary">
<arg>0.5</arg>
<doc>Sets the delay that is waited after each Selenium command.</doc>
<status status="PASS" starttime="20220712 22:59:42.255" endtime="20220712 22:59:42.256"/>
</kw>
<status status="PASS" starttime="20220712 22:59:32.920" endtime="20220712 22:59:42.256"/>
</kw>
<kw name="Clicar em “Permitir todos os cookies”" library="hurb">
<kw name="Sleep" library="BuiltIn">
<arg>8</arg>
<doc>Pauses the test executed for the given time.</doc>
<msg timestamp="20220712 22:59:50.268" level="INFO">Slept 8 seconds</msg>
<status status="PASS" starttime="20220712 22:59:42.261" endtime="20220712 22:59:50.268"/>
</kw>
<kw name="Wait and Click" library="util">
<arg>${ACCEPT_COOKIES_BUTTON}</arg>
<kw name="Wait Until Element Is Visible" library="SeleniumLibrary">
<arg>${ELEMENT}</arg>
<doc>Waits until the element ``locator`` is visible.</doc>
<status status="PASS" starttime="20220712 22:59:50.268" endtime="20220712 22:59:51.331"/>
</kw>
<kw name="Click Element" library="SeleniumLibrary">
<arg>${ELEMENT}</arg>
<doc>Click the element identified by ``locator``.</doc>
<msg timestamp="20220712 22:59:51.334" level="INFO">Clicking element 'id=CybotCookiebotDialogBodyLevelButtonLevelOptinAllowAll'.</msg>
<status status="PASS" starttime="20220712 22:59:51.332" endtime="20220712 22:59:53.166"/>
</kw>
<status status="PASS" starttime="20220712 22:59:50.268" endtime="20220712 22:59:53.167"/>
</kw>
<status status="PASS" starttime="20220712 22:59:42.260" endtime="20220712 22:59:53.167"/>
</kw>
<kw name="Selecionar a opção “Pacotes”" library="hurb">
<kw name="Wait and Click" library="util">
<arg>${PACOTES_BUTTON}</arg>
<kw name="Wait Until Element Is Visible" library="SeleniumLibrary">
<arg>${ELEMENT}</arg>
<doc>Waits until the element ``locator`` is visible.</doc>
<status status="PASS" starttime="20220712 22:59:53.173" endtime="20220712 22:59:54.243"/>
</kw>
<kw name="Click Element" library="SeleniumLibrary">
<arg>${ELEMENT}</arg>
<doc>Click the element identified by ``locator``.</doc>
<msg timestamp="20220712 22:59:54.244" level="INFO">Clicking element 'xpath=/html/body/div[2]/div[1]/div[2]/div/div/div[1]/div/div/button[2]'.</msg>
<status status="PASS" starttime="20220712 22:59:54.243" endtime="20220712 22:59:56.012"/>
</kw>
<status status="PASS" starttime="20220712 22:59:53.170" endtime="20220712 22:59:56.012"/>
</kw>
<status status="PASS" starttime="20220712 22:59:53.169" endtime="20220712 22:59:56.012"/>
</kw>
<kw name="Buscar por &quot;Tóquio&quot;" library="hurb">
<kw name="Wait and Input Text" library="util">
<arg>${DESTINATION_FIELD}</arg>
<arg>Tóquio</arg>
<kw name="Wait Until Element Is Visible" library="SeleniumLibrary">
<arg>${ELEMENT}</arg>
<doc>Waits until the element ``locator`` is visible.</doc>
<status status="PASS" starttime="20220712 22:59:56.013" endtime="20220712 22:59:57.074"/>
</kw>
<kw name="Input Text" library="SeleniumLibrary">
<arg>${ELEMENT}</arg>
<arg>${TEXT}</arg>
<doc>Types the given ``text`` into the text field identified by ``locator``.</doc>
<msg timestamp="20220712 22:59:57.077" level="INFO">Typing text 'Tóquio' into text field 'id=destination-input'.</msg>
<status status="PASS" starttime="20220712 22:59:57.075" endtime="20220712 22:59:58.747"/>
</kw>
<status status="PASS" starttime="20220712 22:59:56.013" endtime="20220712 22:59:58.747"/>
</kw>
<kw name="Wait and Click" library="util">
<arg>${SEARCH_DESTINATION_BUTTON}</arg>
<kw name="Wait Until Element Is Visible" library="SeleniumLibrary">
<arg>${ELEMENT}</arg>
<doc>Waits until the element ``locator`` is visible.</doc>
<status status="PASS" starttime="20220712 22:59:58.750" endtime="20220712 22:59:59.806"/>
</kw>
<kw name="Click Element" library="SeleniumLibrary">
<arg>${ELEMENT}</arg>
<doc>Click the element identified by ``locator``.</doc>
<msg timestamp="20220712 22:59:59.809" level="INFO">Clicking element 'xpath=/html/body/div[2]/div[1]/div[2]/div/div/div[2]/button'.</msg>
<status status="PASS" starttime="20220712 22:59:59.808" endtime="20220712 23:00:02.367"/>
</kw>
<status status="PASS" starttime="20220712 22:59:58.748" endtime="20220712 23:00:02.367"/>
</kw>
<status status="PASS" starttime="20220712 22:59:56.013" endtime="20220712 23:00:02.368"/>
</kw>
<kw name="Selecionar um pacote de viagem" library="hurb">
<kw name="Wait and Click" library="util">
<arg>${PACKAGE_CARD}</arg>
<kw name="Wait Until Element Is Visible" library="SeleniumLibrary">
<arg>${ELEMENT}</arg>
<doc>Waits until the element ``locator`` is visible.</doc>
<status status="PASS" starttime="20220712 23:00:02.371" endtime="20220712 23:00:03.423"/>
</kw>
<kw name="Click Element" library="SeleniumLibrary">
<arg>${ELEMENT}</arg>
<doc>Click the element identified by ``locator``.</doc>
<msg timestamp="20220712 23:00:03.424" level="INFO">Clicking element 'xpath=/html/body/div[1]/div/main/section/div[2]/a'.</msg>
<status status="PASS" starttime="20220712 23:00:03.423" endtime="20220712 23:00:05.069"/>
</kw>
<status status="PASS" starttime="20220712 23:00:02.370" endtime="20220712 23:00:05.069"/>
</kw>
<kw name="Switch Window" library="SeleniumLibrary">
<arg>NEW</arg>
<doc>Switches to browser window matching ``locator``.</doc>
<status status="PASS" starttime="20220712 23:00:05.069" endtime="20220712 23:00:07.126"/>
</kw>
<status status="PASS" starttime="20220712 23:00:02.369" endtime="20220712 23:00:07.127"/>
</kw>
<kw name="Clicar em “Escolher pacote”" library="hurb">
<kw name="Wait and Click" library="util">
<arg>${SELECT_PACKAGE_BUTTON}</arg>
<kw name="Wait Until Element Is Visible" library="SeleniumLibrary">
<arg>${ELEMENT}</arg>
<doc>Waits until the element ``locator`` is visible.</doc>
<status status="PASS" starttime="20220712 23:00:07.130" endtime="20220712 23:00:08.292"/>
</kw>
<kw name="Click Element" library="SeleniumLibrary">
<arg>${ELEMENT}</arg>
<doc>Click the element identified by ``locator``.</doc>
<msg timestamp="20220712 23:00:08.293" level="INFO">Clicking element 'xpath=/html/body/div[1]/div/main/div[3]/aside/div/div/div[2]/button'.</msg>
<status status="PASS" starttime="20220712 23:00:08.292" endtime="20220712 23:00:10.057"/>
</kw>
<status status="PASS" starttime="20220712 23:00:07.129" endtime="20220712 23:00:10.058"/>
</kw>
<status status="PASS" starttime="20220712 23:00:07.128" endtime="20220712 23:00:10.059"/>
</kw>
<kw name="Avisar impossibilidade de continuar o teste" library="hurb">
<kw name="Log To Console" library="BuiltIn">
<arg>O teste não pode continuar porque o caminho do botão muda a cada teste</arg>
<doc>Logs the given message to the console.</doc>
<status status="PASS" starttime="20220712 23:00:10.061" endtime="20220712 23:00:10.063"/>
</kw>
<status status="PASS" starttime="20220712 23:00:10.060" endtime="20220712 23:00:10.063"/>
</kw>
<kw name="Close Browser" library="SeleniumLibrary" type="TEARDOWN">
<doc>Closes the current browser.</doc>
<status status="PASS" starttime="20220712 23:00:10.065" endtime="20220712 23:00:11.816"/>
</kw>
<status status="PASS" starttime="20220712 22:59:32.919" endtime="20220712 23:00:11.817"/>
</test>
<test id="s1-t2" name="Processo de reserva de pacote de viagens para Salvador" line="25">
<kw name="Acessar o site" library="hurb" type="SETUP">
<kw name="Open Browser" library="SeleniumLibrary">
<arg>${SITE}</arg>
<arg>${BROWSER}</arg>
<doc>Opens a new browser instance to the optional ``url``.</doc>
<msg timestamp="20220712 23:00:11.825" level="INFO">Opening browser 'Firefox' to base url 'https://hurb.com/br'.</msg>
<msg timestamp="20220712 23:00:11.827" level="INFO">Firefox driver log is always forced to to: C:\Users\Thiago Silva\ctd\testing-i\avaliacao\log\geckodriver-29.log</msg>
<status status="PASS" starttime="20220712 23:00:11.824" endtime="20220712 23:00:22.611"/>
</kw>
<kw name="Set Selenium Speed" library="SeleniumLibrary">
<arg>0.5</arg>
<doc>Sets the delay that is waited after each Selenium command.</doc>
<status status="PASS" starttime="20220712 23:00:22.611" endtime="20220712 23:00:22.612"/>
</kw>
<status status="PASS" starttime="20220712 23:00:11.824" endtime="20220712 23:00:22.612"/>
</kw>
<kw name="Avisar sobre o problema com o botão de cookies" library="hurb">
<kw name="Log To Console" library="BuiltIn">
<arg>O botão de cookies nem sempre está presente, então repita o teste caso este falhe</arg>
<doc>Logs the given message to the console.</doc>
<status status="PASS" starttime="20220712 23:00:22.613" endtime="20220712 23:00:22.613"/>
</kw>
<status status="PASS" starttime="20220712 23:00:22.612" endtime="20220712 23:00:22.614"/>
</kw>
<kw name="Clicar em “Permitir todos os cookies”" library="hurb">
<kw name="Sleep" library="BuiltIn">
<arg>8</arg>
<doc>Pauses the test executed for the given time.</doc>
<msg timestamp="20220712 23:00:30.627" level="INFO">Slept 8 seconds</msg>
<status status="PASS" starttime="20220712 23:00:22.615" endtime="20220712 23:00:30.627"/>
</kw>
<kw name="Wait and Click" library="util">
<arg>${ACCEPT_COOKIES_BUTTON}</arg>
<kw name="Wait Until Element Is Visible" library="SeleniumLibrary">
<arg>${ELEMENT}</arg>
<doc>Waits until the element ``locator`` is visible.</doc>
<status status="PASS" starttime="20220712 23:00:30.630" endtime="20220712 23:00:31.705"/>
</kw>
<kw name="Click Element" library="SeleniumLibrary">
<arg>${ELEMENT}</arg>
<doc>Click the element identified by ``locator``.</doc>
<msg timestamp="20220712 23:00:31.706" level="INFO">Clicking element 'id=CybotCookiebotDialogBodyLevelButtonLevelOptinAllowAll'.</msg>
<status status="PASS" starttime="20220712 23:00:31.705" endtime="20220712 23:00:33.474"/>
</kw>
<status status="PASS" starttime="20220712 23:00:30.628" endtime="20220712 23:00:33.474"/>
</kw>
<status status="PASS" starttime="20220712 23:00:22.614" endtime="20220712 23:00:33.475"/>
</kw>
<kw name="Selecionar a opção “Pacotes”" library="hurb">
<kw name="Wait and Click" library="util">
<arg>${PACOTES_BUTTON}</arg>
<kw name="Wait Until Element Is Visible" library="SeleniumLibrary">
<arg>${ELEMENT}</arg>
<doc>Waits until the element ``locator`` is visible.</doc>
<status status="PASS" starttime="20220712 23:00:33.476" endtime="20220712 23:00:34.564"/>
</kw>
<kw name="Click Element" library="SeleniumLibrary">
<arg>${ELEMENT}</arg>
<doc>Click the element identified by ``locator``.</doc>
<msg timestamp="20220712 23:00:34.565" level="INFO">Clicking element 'xpath=/html/body/div[2]/div[1]/div[2]/div/div/div[1]/div/div/button[2]'.</msg>
<status status="PASS" starttime="20220712 23:00:34.564" endtime="20220712 23:00:36.301"/>
</kw>
<status status="PASS" starttime="20220712 23:00:33.476" endtime="20220712 23:00:36.302"/>
</kw>
<status status="PASS" starttime="20220712 23:00:33.475" endtime="20220712 23:00:36.302"/>
</kw>
<kw name="Buscar por &quot;Salvador&quot;" library="hurb">
<kw name="Wait and Input Text" library="util">
<arg>${DESTINATION_FIELD}</arg>
<arg>Salvador</arg>
<kw name="Wait Until Element Is Visible" library="SeleniumLibrary">
<arg>${ELEMENT}</arg>
<doc>Waits until the element ``locator`` is visible.</doc>
<status status="PASS" starttime="20220712 23:00:36.303" endtime="20220712 23:00:37.331"/>
</kw>
<kw name="Input Text" library="SeleniumLibrary">
<arg>${ELEMENT}</arg>
<arg>${TEXT}</arg>
<doc>Types the given ``text`` into the text field identified by ``locator``.</doc>
<msg timestamp="20220712 23:00:37.332" level="INFO">Typing text 'Salvador' into text field 'id=destination-input'.</msg>
<status status="PASS" starttime="20220712 23:00:37.331" endtime="20220712 23:00:38.957"/>
</kw>
<status status="PASS" starttime="20220712 23:00:36.303" endtime="20220712 23:00:38.957"/>
</kw>
<kw name="Wait and Click" library="util">
<arg>${SEARCH_DESTINATION_BUTTON}</arg>
<kw name="Wait Until Element Is Visible" library="SeleniumLibrary">
<arg>${ELEMENT}</arg>
<doc>Waits until the element ``locator`` is visible.</doc>
<status status="PASS" starttime="20220712 23:00:38.958" endtime="20220712 23:00:40.011"/>
</kw>
<kw name="Click Element" library="SeleniumLibrary">
<arg>${ELEMENT}</arg>
<doc>Click the element identified by ``locator``.</doc>
<msg timestamp="20220712 23:00:40.012" level="INFO">Clicking element 'xpath=/html/body/div[2]/div[1]/div[2]/div/div/div[2]/button'.</msg>
<status status="PASS" starttime="20220712 23:00:40.012" endtime="20220712 23:00:43.083"/>
</kw>
<status status="PASS" starttime="20220712 23:00:38.957" endtime="20220712 23:00:43.085"/>
</kw>
<status status="PASS" starttime="20220712 23:00:36.303" endtime="20220712 23:00:43.086"/>
</kw>
<kw name="Selecionar um pacote de viagem" library="hurb">
<kw name="Wait and Click" library="util">
<arg>${PACKAGE_CARD}</arg>
<kw name="Wait Until Element Is Visible" library="SeleniumLibrary">
<arg>${ELEMENT}</arg>
<doc>Waits until the element ``locator`` is visible.</doc>
<status status="PASS" starttime="20220712 23:00:43.090" endtime="20220712 23:00:44.550"/>
</kw>
<kw name="Click Element" library="SeleniumLibrary">
<arg>${ELEMENT}</arg>
<doc>Click the element identified by ``locator``.</doc>
<msg timestamp="20220712 23:00:44.553" level="INFO">Clicking element 'xpath=/html/body/div[1]/div/main/section/div[2]/a'.</msg>
<status status="PASS" starttime="20220712 23:00:44.551" endtime="20220712 23:00:46.322"/>
</kw>
<status status="PASS" starttime="20220712 23:00:43.089" endtime="20220712 23:00:46.322"/>
</kw>
<kw name="Switch Window" library="SeleniumLibrary">
<arg>NEW</arg>
<doc>Switches to browser window matching ``locator``.</doc>
<status status="PASS" starttime="20220712 23:00:46.322" endtime="20220712 23:00:48.370"/>
</kw>
<status status="PASS" starttime="20220712 23:00:43.088" endtime="20220712 23:00:48.371"/>
</kw>
<kw name="Clicar em “Escolher pacote”" library="hurb">
<kw name="Wait and Click" library="util">
<arg>${SELECT_PACKAGE_BUTTON}</arg>
<kw name="Wait Until Element Is Visible" library="SeleniumLibrary">
<arg>${ELEMENT}</arg>
<doc>Waits until the element ``locator`` is visible.</doc>
<status status="PASS" starttime="20220712 23:00:48.375" endtime="20220712 23:00:49.641"/>
</kw>
<kw name="Click Element" library="SeleniumLibrary">
<arg>${ELEMENT}</arg>
<doc>Click the element identified by ``locator``.</doc>
<msg timestamp="20220712 23:00:49.643" level="INFO">Clicking element 'xpath=/html/body/div[1]/div/main/div[3]/aside/div/div/div[2]/button'.</msg>
<status status="PASS" starttime="20220712 23:00:49.642" endtime="20220712 23:00:51.421"/>
</kw>
<status status="PASS" starttime="20220712 23:00:48.373" endtime="20220712 23:00:51.421"/>
</kw>
<status status="PASS" starttime="20220712 23:00:48.372" endtime="20220712 23:00:51.421"/>
</kw>
<kw name="Avisar impossibilidade de continuar o teste" library="hurb">
<kw name="Log To Console" library="BuiltIn">
<arg>O teste não pode continuar porque o caminho do botão muda a cada teste</arg>
<doc>Logs the given message to the console.</doc>
<status status="PASS" starttime="20220712 23:00:51.422" endtime="20220712 23:00:51.422"/>
</kw>
<status status="PASS" starttime="20220712 23:00:51.422" endtime="20220712 23:00:51.423"/>
</kw>
<kw name="Close Browser" library="SeleniumLibrary" type="TEARDOWN">
<doc>Closes the current browser.</doc>
<status status="PASS" starttime="20220712 23:00:51.423" endtime="20220712 23:00:53.189"/>
</kw>
<status status="PASS" starttime="20220712 23:00:11.822" endtime="20220712 23:00:53.190"/>
</test>
<test id="s1-t3" name="Processo de reserva de pacote de viagens para Buenos Aires" line="44">
<kw name="Acessar o site" library="hurb" type="SETUP">
<kw name="Open Browser" library="SeleniumLibrary">
<arg>${SITE}</arg>
<arg>${BROWSER}</arg>
<doc>Opens a new browser instance to the optional ``url``.</doc>
<msg timestamp="20220712 23:00:53.193" level="INFO">Opening browser 'Firefox' to base url 'https://hurb.com/br'.</msg>
<msg timestamp="20220712 23:00:53.195" level="INFO">Firefox driver log is always forced to to: C:\Users\Thiago Silva\ctd\testing-i\avaliacao\log\geckodriver-30.log</msg>
<status status="PASS" starttime="20220712 23:00:53.192" endtime="20220712 23:01:03.058"/>
</kw>
<kw name="Set Selenium Speed" library="SeleniumLibrary">
<arg>0.5</arg>
<doc>Sets the delay that is waited after each Selenium command.</doc>
<status status="PASS" starttime="20220712 23:01:03.058" endtime="20220712 23:01:03.059"/>
</kw>
<status status="PASS" starttime="20220712 23:00:53.192" endtime="20220712 23:01:03.059"/>
</kw>
<kw name="Avisar sobre o problema com o botão de cookies" library="hurb">
<kw name="Log To Console" library="BuiltIn">
<arg>O botão de cookies nem sempre está presente, então repita o teste caso este falhe</arg>
<doc>Logs the given message to the console.</doc>
<status status="PASS" starttime="20220712 23:01:03.062" endtime="20220712 23:01:03.064"/>
</kw>
<status status="PASS" starttime="20220712 23:01:03.062" endtime="20220712 23:01:03.064"/>
</kw>
<kw name="Clicar em “Permitir todos os cookies”" library="hurb">
<kw name="Sleep" library="BuiltIn">
<arg>8</arg>
<doc>Pauses the test executed for the given time.</doc>
<msg timestamp="20220712 23:01:11.082" level="INFO">Slept 8 seconds</msg>
<status status="PASS" starttime="20220712 23:01:03.065" endtime="20220712 23:01:11.083"/>
</kw>
<kw name="Wait and Click" library="util">
<arg>${ACCEPT_COOKIES_BUTTON}</arg>
<kw name="Wait Until Element Is Visible" library="SeleniumLibrary">
<arg>${ELEMENT}</arg>
<doc>Waits until the element ``locator`` is visible.</doc>
<status status="PASS" starttime="20220712 23:01:11.086" endtime="20220712 23:01:12.162"/>
</kw>
<kw name="Click Element" library="SeleniumLibrary">
<arg>${ELEMENT}</arg>
<doc>Click the element identified by ``locator``.</doc>
<msg timestamp="20220712 23:01:12.163" level="INFO">Clicking element 'id=CybotCookiebotDialogBodyLevelButtonLevelOptinAllowAll'.</msg>
<status status="PASS" starttime="20220712 23:01:12.162" endtime="20220712 23:01:13.482"/>
</kw>
<status status="PASS" starttime="20220712 23:01:11.083" endtime="20220712 23:01:13.482"/>
</kw>
<status status="PASS" starttime="20220712 23:01:03.065" endtime="20220712 23:01:13.484"/>
</kw>
<kw name="Selecionar a opção “Pacotes”" library="hurb">
<kw name="Wait and Click" library="util">
<arg>${PACOTES_BUTTON}</arg>
<kw name="Wait Until Element Is Visible" library="SeleniumLibrary">
<arg>${ELEMENT}</arg>
<doc>Waits until the element ``locator`` is visible.</doc>
<status status="PASS" starttime="20220712 23:01:13.487" endtime="20220712 23:01:14.523"/>
</kw>
<kw name="Click Element" library="SeleniumLibrary">
<arg>${ELEMENT}</arg>
<doc>Click the element identified by ``locator``.</doc>
<msg timestamp="20220712 23:01:14.525" level="INFO">Clicking element 'xpath=/html/body/div[2]/div[1]/div[2]/div/div/div[1]/div/div/button[2]'.</msg>
<status status="PASS" starttime="20220712 23:01:14.524" endtime="20220712 23:01:15.804"/>
</kw>
<status status="PASS" starttime="20220712 23:01:13.486" endtime="20220712 23:01:15.804"/>
</kw>
<status status="PASS" starttime="20220712 23:01:13.485" endtime="20220712 23:01:15.805"/>
</kw>
<kw name="Buscar por &quot;Buenos Aires&quot;" library="hurb">
<kw name="Wait and Input Text" library="util">
<arg>${DESTINATION_FIELD}</arg>
<arg>Buenos Aires</arg>
<kw name="Wait Until Element Is Visible" library="SeleniumLibrary">
<arg>${ELEMENT}</arg>
<doc>Waits until the element ``locator`` is visible.</doc>
<status status="PASS" starttime="20220712 23:01:15.806" endtime="20220712 23:01:16.852"/>
</kw>
<kw name="Input Text" library="SeleniumLibrary">
<arg>${ELEMENT}</arg>
<arg>${TEXT}</arg>
<doc>Types the given ``text`` into the text field identified by ``locator``.</doc>
<msg timestamp="20220712 23:01:16.853" level="INFO">Typing text 'Buenos Aires' into text field 'id=destination-input'.</msg>
<status status="PASS" starttime="20220712 23:01:16.852" endtime="20220712 23:01:18.536"/>
</kw>
<status status="PASS" starttime="20220712 23:01:15.805" endtime="20220712 23:01:18.536"/>
</kw>
<kw name="Wait and Click" library="util">
<arg>${SEARCH_DESTINATION_BUTTON}</arg>
<kw name="Wait Until Element Is Visible" library="SeleniumLibrary">
<arg>${ELEMENT}</arg>
<doc>Waits until the element ``locator`` is visible.</doc>
<status status="PASS" starttime="20220712 23:01:18.537" endtime="20220712 23:01:19.569"/>
</kw>
<kw name="Click Element" library="SeleniumLibrary">
<arg>${ELEMENT}</arg>
<doc>Click the element identified by ``locator``.</doc>
<msg timestamp="20220712 23:01:19.570" level="INFO">Clicking element 'xpath=/html/body/div[2]/div[1]/div[2]/div/div/div[2]/button'.</msg>
<status status="PASS" starttime="20220712 23:01:19.570" endtime="20220712 23:01:22.887"/>
</kw>
<status status="PASS" starttime="20220712 23:01:18.536" endtime="20220712 23:01:22.887"/>
</kw>
<status status="PASS" starttime="20220712 23:01:15.805" endtime="20220712 23:01:22.887"/>
</kw>
<kw name="Selecionar um pacote de viagem" library="hurb">
<kw name="Wait and Click" library="util">
<arg>${PACKAGE_CARD}</arg>
<kw name="Wait Until Element Is Visible" library="SeleniumLibrary">
<arg>${ELEMENT}</arg>
<doc>Waits until the element ``locator`` is visible.</doc>
<status status="PASS" starttime="20220712 23:01:22.890" endtime="20220712 23:01:24.082"/>
</kw>
<kw name="Click Element" library="SeleniumLibrary">
<arg>${ELEMENT}</arg>
<doc>Click the element identified by ``locator``.</doc>
<msg timestamp="20220712 23:01:24.085" level="INFO">Clicking element 'xpath=/html/body/div[1]/div/main/section/div[2]/a'.</msg>
<status status="PASS" starttime="20220712 23:01:24.083" endtime="20220712 23:01:25.244"/>
</kw>
<status status="PASS" starttime="20220712 23:01:22.889" endtime="20220712 23:01:25.245"/>
</kw>
<kw name="Switch Window" library="SeleniumLibrary">
<arg>NEW</arg>
<doc>Switches to browser window matching ``locator``.</doc>
<status status="PASS" starttime="20220712 23:01:25.245" endtime="20220712 23:01:27.301"/>
</kw>
<status status="PASS" starttime="20220712 23:01:22.888" endtime="20220712 23:01:27.302"/>
</kw>
<kw name="Clicar em “Escolher pacote”" library="hurb">
<kw name="Wait and Click" library="util">
<arg>${SELECT_PACKAGE_BUTTON}</arg>
<kw name="Wait Until Element Is Visible" library="SeleniumLibrary">
<arg>${ELEMENT}</arg>
<doc>Waits until the element ``locator`` is visible.</doc>
<status status="PASS" starttime="20220712 23:01:27.305" endtime="20220712 23:01:28.436"/>
</kw>
<kw name="Click Element" library="SeleniumLibrary">
<arg>${ELEMENT}</arg>
<doc>Click the element identified by ``locator``.</doc>
<msg timestamp="20220712 23:01:28.437" level="INFO">Clicking element 'xpath=/html/body/div[1]/div/main/div[3]/aside/div/div/div[2]/button'.</msg>
<status status="PASS" starttime="20220712 23:01:28.436" endtime="20220712 23:01:29.836"/>
</kw>
<status status="PASS" starttime="20220712 23:01:27.303" endtime="20220712 23:01:29.836"/>
</kw>
<status status="PASS" starttime="20220712 23:01:27.303" endtime="20220712 23:01:29.837"/>
</kw>
<kw name="Avisar impossibilidade de continuar o teste" library="hurb">
<kw name="Log To Console" library="BuiltIn">
<arg>O teste não pode continuar porque o caminho do botão muda a cada teste</arg>
<doc>Logs the given message to the console.</doc>
<status status="PASS" starttime="20220712 23:01:29.837" endtime="20220712 23:01:29.838"/>
</kw>
<status status="PASS" starttime="20220712 23:01:29.837" endtime="20220712 23:01:29.838"/>
</kw>
<kw name="Close Browser" library="SeleniumLibrary" type="TEARDOWN">
<doc>Closes the current browser.</doc>
<status status="PASS" starttime="20220712 23:01:29.839" endtime="20220712 23:01:31.563"/>
</kw>
<status status="PASS" starttime="20220712 23:00:53.191" endtime="20220712 23:01:31.565"/>
</test>
<status status="PASS" starttime="20220712 22:59:32.614" endtime="20220712 23:01:31.569"/>
</suite>
<statistics>
<total>
<stat pass="3" fail="0" skip="0">All Tests</stat>
</total>
<tag>
</tag>
<suite>
<stat pass="3" fail="0" skip="0" id="s1" name="Hurb">Hurb</stat>
</suite>
</statistics>
<errors>
</errors>
</robot>
